TN:
SF:src\server\controllers\data-sources.ts
FN:25,(anonymous_0)
FN:32,(anonymous_1)
FN:52,(anonymous_2)
FN:77,(anonymous_3)
FN:103,(anonymous_4)
FN:134,(anonymous_5)
FN:159,(anonymous_6)
FNF:7
FNH:4
FNDA:7,(anonymous_0)
FNDA:1,(anonymous_1)
FNDA:3,(anonymous_2)
FNDA:3,(anonymous_3)
FNDA:0,(anonymous_4)
FNDA:0,(anonymous_5)
FNDA:0,(anonymous_6)
DA:22,1
DA:26,7
DA:33,1
DA:35,1
DA:42,1
DA:43,1
DA:45,1
DA:46,1
DA:53,3
DA:55,3
DA:56,1
DA:57,1
DA:60,2
DA:61,2
DA:65,2
DA:66,1
DA:67,1
DA:70,1
DA:71,1
DA:78,3
DA:80,3
DA:81,1
DA:82,1
DA:85,2
DA:86,2
DA:87,2
DA:91,1
DA:92,1
DA:93,1
DA:95,1
DA:104,0
DA:106,0
DA:107,0
DA:108,0
DA:111,0
DA:112,0
DA:113,0
DA:116,0
DA:117,0
DA:118,0
DA:123,0
DA:124,0
DA:126,0
DA:135,0
DA:137,0
DA:138,0
DA:139,0
DA:142,0
DA:143,0
DA:144,0
DA:148,0
DA:149,0
DA:151,0
DA:160,0
DA:162,0
DA:163,0
DA:164,0
DA:167,0
DA:168,0
DA:171,0
DA:174,0
DA:176,0
DA:180,0
DA:182,0
DA:186,0
LF:65
LH:30
BRDA:33,0,0,0
BRDA:33,1,0,0
BRDA:55,2,0,1
BRDA:65,3,0,1
BRDA:80,4,0,1
BRDA:106,5,0,0
BRDA:111,6,0,0
BRDA:137,7,0,0
BRDA:162,8,0,0
BRDA:178,9,0,0
BRDA:178,9,1,0
BRF:11
BRH:3
end_of_record
TN:
SF:src\server\controllers\index.ts
FN:5,(anonymous_0)
FN:6,(anonymous_1)
FNF:2
FNH:0
FNDA:0,(anonymous_0)
FNDA:0,(anonymous_1)
DA:1,0
DA:2,0
DA:5,0
DA:6,0
LF:4
LH:0
BRF:0
BRH:0
end_of_record
TN:
SF:src\server\controllers\scheduled-queries.ts
FN:25,(anonymous_0)
FN:32,(anonymous_1)
FN:53,(anonymous_2)
FN:79,(anonymous_3)
FN:119,(anonymous_4)
FN:156,(anonymous_5)
FN:181,(anonymous_6)
FNF:7
FNH:5
FNDA:13,(anonymous_0)
FNDA:1,(anonymous_1)
FNDA:3,(anonymous_2)
FNDA:4,(anonymous_3)
FNDA:0,(anonymous_4)
FNDA:0,(anonymous_5)
FNDA:5,(anonymous_6)
DA:22,1
DA:26,13
DA:33,1
DA:35,1
DA:43,1
DA:44,1
DA:46,1
DA:47,1
DA:54,3
DA:56,3
DA:57,1
DA:58,1
DA:61,2
DA:62,2
DA:67,2
DA:68,1
DA:69,1
DA:72,1
DA:73,1
DA:80,4
DA:82,4
DA:83,1
DA:84,1
DA:87,3
DA:88,1
DA:89,1
DA:92,2
DA:93,1
DA:94,1
DA:97,1
DA:99,1
DA:100,1
DA:102,1
DA:103,1
DA:107,1
DA:108,1
DA:109,1
DA:111,0
DA:120,0
DA:122,0
DA:123,0
DA:124,0
DA:127,0
DA:128,0
DA:129,0
DA:132,0
DA:134,0
DA:135,0
DA:136,0
DA:139,0
DA:140,0
DA:145,0
DA:146,0
DA:148,0
DA:157,0
DA:159,0
DA:160,0
DA:161,0
DA:164,0
DA:165,0
DA:166,0
DA:170,0
DA:171,0
DA:173,0
DA:182,5
DA:184,5
DA:185,1
DA:186,1
DA:189,4
DA:191,4
DA:192,4
DA:197,4
DA:198,1
DA:199,1
DA:202,3
DA:203,1
DA:204,1
DA:208,2
DA:209,2
DA:216,1
DA:224,1
DA:225,1
DA:227,1
DA:230,1
DA:231,1
LF:85
LH:58
BRDA:33,0,0,0
BRDA:33,1,0,0
BRDA:56,2,0,1
BRDA:67,3,0,1
BRDA:82,4,0,1
BRDA:87,5,0,1
BRDA:92,6,0,1
BRDA:122,7,0,0
BRDA:127,8,0,0
BRDA:134,9,0,0
BRDA:159,10,0,0
BRDA:182,11,0,4
BRDA:184,12,0,1
BRDA:197,13,0,1
BRDA:202,14,0,1
BRF:15
BRH:9
end_of_record
TN:
SF:src\server\services\SimpleService.ts
FN:3,(anonymous_0)
FN:5,(anonymous_1)
FN:7,(anonymous_2)
FN:8,(anonymous_3)
FN:9,(anonymous_4)
FNF:5
FNH:1
FNDA:24,(anonymous_0)
FNDA:0,(anonymous_1)
FNDA:0,(anonymous_2)
FNDA:0,(anonymous_3)
FNDA:0,(anonymous_4)
DA:2,3
DA:3,24
DA:6,0
DA:7,0
DA:8,0
DA:9,0
LF:6
LH:2
BRF:0
BRH:0
end_of_record
TN:
SF:src\server\services\StandaloneDatabaseService.ts
FN:28,(anonymous_1)
FN:42,(anonymous_2)
FN:78,(anonymous_3)
FN:112,(anonymous_4)
FN:126,(anonymous_5)
FN:149,(anonymous_6)
FNF:6
FNH:2
FNDA:3,(anonymous_1)
FNDA:0,(anonymous_2)
FNDA:0,(anonymous_3)
FNDA:0,(anonymous_4)
FNDA:0,(anonymous_5)
FNDA:12,(anonymous_6)
DA:1,2
DA:2,2
DA:3,2
DA:23,2
DA:29,3
DA:31,0
DA:32,0
DA:33,0
DA:34,0
DA:36,0
DA:43,0
DA:44,0
DA:54,0
DA:57,0
DA:59,0
DA:64,0
DA:66,0
DA:71,0
DA:79,0
DA:80,0
DA:91,0
DA:93,0
DA:98,0
DA:100,0
DA:105,0
DA:113,0
DA:114,0
DA:115,0
DA:116,0
DA:119,0
DA:127,0
DA:129,0
DA:130,0
DA:131,0
DA:133,0
DA:138,0
DA:140,0
DA:141,0
DA:150,12
DA:152,12
DA:153,62
DA:154,3
DA:158,9
DA:159,4
DA:162,5
DA:163,2
LF:46
LH:13
BRDA:31,0,0,0
BRDA:31,0,1,0
BRDA:33,1,0,0
BRDA:114,2,0,0
BRDA:114,3,0,0
BRDA:114,3,1,0
BRDA:140,4,0,0
BRDA:153,5,0,3
BRDA:158,6,0,4
BRDA:162,7,0,2
BRDA:162,8,0,5
BRDA:162,8,1,5
BRF:12
BRH:5
end_of_record
